
wv libwebsockets server thread start

 Compiled without SSL support, serving unencrypted
 Listening on port 7681
Received network connect from localhost (127.0.0.1)
    GET URI = /
    Host = localhost:7681
    Connection = Upgrade
    Protocol = gprim-binary-protocol
    Upgrade = websocket
    Origin = file://
    Key = zhBp2VljCGHVybhfwS7dGw==
    Version = 13
    Extensions = permessage-deflate; client_max_window_bits
callback_gprim_binary: LWS_CALLBACK_ESTABLISHED
Received network connect from localhost (127.0.0.1)
    GET URI = /
    Host = localhost:7681
    Connection = Upgrade
    Protocol = ui-text-protocol
    Upgrade = websocket
    Origin = file://
    Key = o27bRmqvZIa6hdsj9fF8Iw==
    Version = 13
    Extensions = permessage-deflate; client_max_window_bits
callback_ui_text: LWS_CALLBACK_ESTABLISHED
