 
===========================================================
!    Supersonic Inlet Design and Analysis Code (SUPIN)    !
!              Beta Version (October 2015)                !
-----------------------------------------------------------
 
-----------------------------------------------------------
! Echo of the input data file to the output data file     !
-----------------------------------------------------------
 
SUPIN Input File                                                      
2D AxiSpike Inlet.                                                    
GE F404 Conditions.                                                   
 
-----------------------------------------------------------
DataID.  Main Control for SUPIN
  0
Kmode    Ktyp    Kcomp    Ksurf    KgCFD
  2        3       1        1        0
KWinp     FWinp     KWunit     Flapeng
  1     52.7350        2        1.000
WRspill   WRbleed   WRbypass   WRother
0.00000   0.00000    0.00000   0.00000
 
-----------------------------------------------------------
DataID.  Freestream
  1
 Kfs  Mach  Pres(psf)  Temp(R) Alpha(deg) Beta(deg) Alt(ft)
  2  1.600    224.508  389.970    0.000     0.000   51707.0
 
-----------------------------------------------------------
DataID.  Approach Flow
  2
Kapp   Nsapp   Alpha_Inlet(deg)   Beta_Inlet(deg)
  3      0         0.0000            0.0000
  Mach_L   pt_L/pt_0   Alpha_L(deg)   Beta_L(deg)
  1.6160    1.00000        0.0000        0.0000
 
-----------------------------------------------------------
DataID.  Capture Cross-Section
  3
   FAcap     Fhclip      Fwclip
 0.00000   -0.00000     1.00000
  Xinlet     Yinlet     Thinlet
 0.00000    0.00000       0.000
ARtopcap    ptopcap    ARbotcap    pbotcap
 1.00000     2.000      1.00000     2.000
 
-----------------------------------------------------------
DataID.  External Supersonic Diffuser
  4
Kexd
  5
Kmatch    Fmatch    Kfocal
  1      1.30000       1
Knose     Xnose      Rnose
  1      0.00000    0.00000
Stage      Angle     Xstage     Dyfocal
  1      15.0000   -1.47038     0.00000
  2      18.4635   -0.60311     0.00000
  3      22.3113    0.39883     0.00000
 
-----------------------------------------------------------
DataID.  Cowl Lip
  5
Kclip      Kclin     Kclex
  1          3         3
 bclin     ARclin     thclin
0.00200    4.0000     10.000
 bclex     ARclex     thclex
0.00200    4.0000     12.500
 
-----------------------------------------------------------
DataID.  Cowl Exterior
  6
Kcex    Frcex    FXcext    Thswex
  1   1.10000  -3.00000   5.00000
 
-----------------------------------------------------------
DataID.  Throat
  8
Kthrt
  5
Kthcb
  1
dthcb1    dxcbSD    dycbSD    thcbSD    Fncb1    FncbSD
 0.000    1.5000    0.0000   -10.000    0.333     0.333
Kthcw
  1
 aTHaS1    thcwTH    machTH
 1.0700    0.0000    0.7500
 aSDaS1    thcwSD    machSD
 1.1400   -2.0000    0.6000
 
-----------------------------------------------------------
DataID.  Subsonic Diffuser
 10
Ksubd    KLsubd    FLsubd     theqsd     dptsubd
  3         5      4.0000      3.000     -0.0250
Ksdcb
  1
FdcbSD    FdcbX     thcbX      FLcbX
 1.000    0.050    -0.087     0.6000
Ksdcw
  1
FdcwSD    FdcwX     FLcwX
 0.333    0.333    0.1000
 
-----------------------------------------------------------
DataID.  Engine Face
 11
KxEF     FxEF    KyEF     FyEF     ThetEF
  2    0.00000     1    0.67750    0.0000
KEF
 2
diamEF(ft)   HubTip
  2.2284     0.3000
Kspin
  0
 
-----------------------------------------------------------
DataID.  Grid Spacing
 13
 Fgdds   Rgsmax    Fdswall    Fdssym    Fdscex    Fdsthrt
 1.000     1.15   0.000500    0.0200    0.1000     0.0150
 Ddinf    Ddfar      Ddnoz     Ddclp     thfar      Fgnoz
 1.000    1.500      1.000     0.050    35.000     0.8850
 
 
===========================================================
! Start of the Design and Analysis Operations             !
-----------------------------------------------------------
  
  Title and Descriptor lines from the Input File
  
    SUPIN Input File                                                      
    2D AxiSpike Inlet.                                                    
    GE F404 Conditions.                                                   
  
  Inlet Type flag, Ktyp =     3
  
    Axisymmetric, outward-turning inlet
  
  Kmode Flag, Kmode =     2
  
Inlet sizing operations will be performed to      
determine the theoretical capture area (Acap).    
The aerodynamic performance of the inlet will     
be calculated.                                    
 
-----------------------------------------------------------
! Freestream                                              !
-----------------------------------------------------------
 
  Freestream input mode, Kfs             =     2
  Mach number,        fsmach             =     1.60000
  Altitude,           fsalt  (ft)        =     51707.0
  Dynamic pressure,   fsqdyn (psf)       =   402.31824
  Dynamic pressure,   fsqdyn (psi)       =     2.79388
  Static pressure,    fspres (psf)       =   224.50793
  Static pressure,    fspres (psi)       =     1.55908
  Total pressure,     fsptot (psf)       =   954.25208
  Total pressure,     fsptot (psi)       =     6.62675
  Static temperature, fstemp (R)         =   389.97000
  Total temperature,  fsttot (R)         =   589.63470
  Static density,     fsrho  (slug/ft3)  =  3.35445E-04
  Speed,              fsvel  (ft/s)      =  1548.77869
  Acoustic speed,     fsasos (ft/s)      =   967.98669
  Dynamic viscosity,  fsvisc (slug/ft-s) =  2.88430E-07
  Reynold number,     fsreyn (/ft)       =  1.80123E+06
  Angle-of-Attack,    fsalph (deg)       =     0.00000
  Angle-of-Sideslip,  fsbeta (deg)       =     0.00000
 
-----------------------------------------------------------
! Approach Flow                                           !
-----------------------------------------------------------
 
  Flag,             Kapp   =     3
 
  The approach flow consists of the specified flow 
  conditions at stage L.
 
-----------------------------------------------------------
! Flow Conditions at Station L                            !
-----------------------------------------------------------
 
  Mach number,          machL            =     1.61600
  Static pressure,      psL   (psf)      =   219.24062
  Static pressure,      psL   (psi)      =     1.52250
  Total pressure,       ptL   (psf)      =   954.25208
  Total pressure,       ptL   (psi)      =     6.62675
  Static temperature,   tsL   (R)        =   387.33371
  Total temperature,    ttL   (R)        =   589.63470
  Static density,       rhoL  (slug/ft3) =  3.29804E-04
  Acoustic speed,       asosL (ft/s)     =   964.70923
  Angle-of-attack,      alphL (deg)      =     0.00000
  Angle-of-sideslip,    betaL (deg)      =     0.00000
  Dynamic pressure,     qdynL (psf)      =   400.77606
  Dynamic pressure,     qdynL (psi)      =     2.78317
  Total pressure ratio, ptL / pt0        =     1.00000
 
-----------------------------------------------------------
! Engine Face                                             !
-----------------------------------------------------------
 
  Type of engine face,         KEF          =     2
    Co-annular circular engine face
  Engine Face Diameter,        diamEF (ft)  =     2.22840
  Engine Face Radius,          radEF  (ft)  =     1.11420
  Hub Radius,                  rhub   (ft)  =     0.33426
  Hub-to-Tip Ratio,            hubtip       =     0.30000
  Engine Face Area,            Area2  (ft2) =     3.54909
  Engine Face Area,            Area2B (ft2) =     3.54909
 
-----------------------------------------------------------
! Iterations for Inlet Sizing and Performance Analysis    !
-----------------------------------------------------------
 
  MIL-SPEC (MIL-E-5008B):
    MIL-SPEC subsonic total pressure recovery =  0.9950
    MIL-SPEC inlet total pressure recovery    =  0.9562
 
   Iteration    pt_2 / pt_L      Mach_2      A_cap(ft2)
        1         0.943480      0.506845      3.187865
        2         0.948609      0.502983      3.187865
        3         0.949109      0.502611      3.187865
        4         0.949284      0.502480      3.187865
        5         0.949284      0.502480      3.187865
 
-----------------------------------------------------------
! Summary of Inlet Flow Rates, Sizing, and Performance    !
-----------------------------------------------------------
  
  Kmode Flag, Kmode =     2
  
  Inlet sizing operations were performed to determine   
  the theoretical capture area (Acap) and cross-section.
  
  Inlet Flow Input Flag,  KWinp        =     1
  
  Engine Lapse Rate,        Flapeng    =     1.00000
  Sizing Pressure Recovery, pt2 / ptL  =     0.94928
  Sizing Temperature Ratio, Tt2 / TtL  =     1.00000
  
  Engine Flow Rates
    Wc2 (corrected, slug/s)            =     4.08253
    Wc2 (corrected, lbm/s)             =   131.35123
    Wa2 (actual, slug/s)               =     1.63906
    Wa2 (actual, lbm/s)                =    52.73500
  
  Capture Flow Rate, Wcap (slug/s)     =     1.63906
  Capture Flow Rate, Wcap (lbm/s)      =    52.73500
  
  Flow Ratios
    Spillage,      Wspill  / Wcap      =     0.00000
    Bleed,         Wbleed  / Wcap      =     0.00000
    Bypass,        Wbypass / Wcap      =     0.00000
    Other,         Wother  / Wcap      =     0.00000
    Inlet,         W1      / Wcap      =     1.00000
    Engine Face,   W2      / Wcap      =     1.00000
  
  
  Reference Capture Area,  Acap  (ft2) =     3.18786
  Engine Face Area,        Area2 (ft2) =     3.54909
  Flow area at station L,  AreaL (ft2) =     3.18786
  
  Nose Coordinates,     x_nose (ft)    =    -1.13717
                        y_nose (ft)    =     0.00000
  
  Cowl Lip Coordinates, x_clip (ft)    =     0.00000
                        y_clip (ft)    =     1.00734
  
  Station 1:            x_1 (ft)       =     0.10797
                        y_1 (ft)       =     0.73784
                        A_1 (ft)       =     2.69186
                        Mach_1         =     0.78596
                        pt_1 / pt_L    =     0.97897
  
  Station SD:           x_SD (ft)      =     1.77048
                        y_SD (ft)      =     0.77761
                        A_SD (ft)      =     3.06872
                        Mach_SD        =     0.60007
                        pt_SD / pt_L   =     0.97700
  
  Station 2 (EF):       x_EF (ft)      =     3.99888
                        y_EF (ft)      =     0.00000
                        A_2  (ft)      =     3.54909
                        Mach_2         =     0.50248
                        pt_2 / pt_L    =     0.94928
 
-----------------------------------------------------------
! Cowl Lip                                                !
-----------------------------------------------------------
 
  Internal cowl lip shape flag, Kclin     =     3
    The internal cowl lip is elliptical
    Semi-major length,  aclin (ft)        =     0.00800
    Semi-minor length,  bclin (ft)        =     0.00200
    Aspect ratio,       ARclin            =     4.00000
    Cowl lip interior angle, thclin (deg) =    10.000
 
  External cowl lip shape flag, Kclex     =     3
    The external cowl lip is elliptical
    Semi-major length,  aclex (ft)        =     0.00800
    Semi-minor length,  bclex (ft)        =     0.00200
    Aspect ratio,       ARclex            =     4.00000
    Cowl lip exterior angle, thclex (deg) =    12.500
  
  Planar Cowl Lip Coordinates            x (ft)    y (ft)
  Cowl Lip                (x,y)_clip    0.00000   1.00734
  Cowl Lip Interior Point (x,y)_clin    0.00823   1.00676
  Cowl Lip Exterior Point (x,y)_clex    0.00618   1.01043
  
  Thickness of the cowl lip,  tclip (ft)  =     0.00397
  Height of the capture area, hclip (ft)  =     2.01468
  Width of the capture area,  wclip (ft)  =     2.01468
 
-----------------------------------------------------------
! External Supersonic Diffuser                            !
-----------------------------------------------------------
 
  Type of inlet,                        Ktyp   =     3
  Type of external supersonic diffuser, Kexd   =     5
  Number of stages,                     Nstexd =     3
 
  Coordinates
    Location                x (ft)      y (ft) 
    Nose                  -1.13717     0.00000
    Start of Diffuser     -1.13717     0.00000
    Cowl Lip               0.00000     1.00734
 
  Number of stages =     3
   
  Stage  Type   Theta(deg)    Xend(ft)     Yend(ft)
    1      1     15.00000     -0.82479      0.08370
    2      2     18.20192     -0.37469      0.23170
    3      1     21.83355      0.21595      0.46834
  Stage 2 Theta for isentropic contour is angle for line
  between stage 1 and stage 2
 
  Mach number,              machEX       =     1.30000
  Total Pressure Ratio,     pt_EX / pt_L =     0.99959
  Static Pressure Ratio,    ps_EX / ps_L =     1.57024
  Static Temperature Ratio, Ts_EX / Ts_L =     1.13774
  
  Stage Type  Dthet(deg)  Dbeta(deg)    Mach       REC
    1     1    15.00000   41.53548    1.50717   0.99959
    2     2     3.20192    5.13386    1.18142   1.00000
    3     1     3.63163    2.18141    1.18142   1.00000
  
  Wave Angle and Focal Point Coordinates
  Stage Type   Beta(deg)    Xfocal(ft)    Yfocal(ft)
    1     1    41.53548       0.00000       1.00734
    2     2    46.66934       0.00000       1.00734
    3     1    48.85075       0.00000       1.00734
  
  Focal Point Delta Coordinates
  Stage Type   dXfocal(ft)   dYfocal(ft)
    1     1      0.00000       0.00000
    2     2      0.00000       0.00000
    3     1      0.00000       0.00000
  
  Flow Angle
  Stage Type   Alpha(deg)
    1     1     3.20744
    2     2    18.20192
    3     1    21.83355
 
  Conical Flow Solution
  Ray  Ray_Angle(deg)  Flow_Theta(deg)   Mach      p/pL
    1    15.00002         15.00002     1.37475   1.41646
    2    15.53073         14.48693     1.37490   1.41616
    3    16.06144         14.00701     1.37533   1.41531
    4    16.59215         13.55599     1.37599   1.41400
    5    17.12286         13.13146     1.37686   1.41230
    6    17.65357         12.73074     1.37789   1.41025
    7    18.18428         12.35157     1.37908   1.40792
    8    18.71498         11.99197     1.38039   1.40533
    9    19.24569         11.65021     1.38182   1.40252
   10    19.77640         11.32474     1.38335   1.39952
   11    20.30711         11.01425     1.38497   1.39635
   12    20.83782         10.71744     1.38667   1.39303
   13    21.36853         10.43322     1.38844   1.38957
   14    21.89924         10.16064     1.39028   1.38600
   15    22.42995          9.89875     1.39217   1.38231
   16    22.96066          9.64672     1.39413   1.37852
   17    23.49137          9.40387     1.39613   1.37465
   18    24.02208          9.16946     1.39818   1.37069
   19    24.55279          8.94291     1.40027   1.36665
   20    25.08349          8.72361     1.40241   1.36254
   21    25.61420          8.51103     1.40460   1.35835
   22    26.14491          8.30472     1.40682   1.35410
   23    26.67562          8.10420     1.40908   1.34978
   24    27.20633          7.90899     1.41139   1.34540
   25    27.73704          7.71876     1.41373   1.34095
   26    28.26775          7.53308     1.41611   1.33643
   27    28.79846          7.35162     1.41854   1.33185
   28    29.32917          7.17401     1.42101   1.32719
   29    29.85988          6.99992     1.42353   1.32247
   30    30.39058          6.82907     1.42609   1.31767
   31    30.92130          6.66108     1.42870   1.31280
   32    31.45200          6.49570     1.43136   1.30784
   33    31.98271          6.33258     1.43408   1.30279
   34    32.51342          6.17144     1.43686   1.29764
   35    33.04413          6.01195     1.43971   1.29240
   36    33.57484          5.85379     1.44262   1.28704
   37    34.10555          5.69662     1.44562   1.28155
   38    34.63626          5.54008     1.44870   1.27593
   39    35.16697          5.38378     1.45187   1.27016
   40    35.69768          5.22728     1.45515   1.26422
   41    36.22839          5.07009     1.45854   1.25809
   42    36.75909          4.91165     1.46207   1.25174
   43    37.28980          4.75128     1.46576   1.24514
   44    37.82051          4.58818     1.46962   1.23824
   45    38.35122          4.42135     1.47370   1.23101
   46    38.88193          4.24945     1.47803   1.22335
   47    39.41264          4.07071     1.48268   1.21519
   48    39.94335          3.88262     1.48773   1.20636
   49    40.47406          3.68130     1.49332   1.19667
   50    41.00477          3.46037     1.49965   1.18575
   51    41.53548          3.20744     1.50717   1.17291
  
  Capture Streamline Coordinates and Pressure Ratio
  Number of points, Nslexd =     1
  Point     Xsl(ft)      Ysl(ft)      p / p_L
    1       0.00000      1.00734      1.00000
    Capture streamline coordinate is the cowl lip
  
  Supersonic spillage as calculated from the  
  cross-sectional area of the inlet streamtube
  at station L, Wsupspill / Wcap =     0.00000
 
-----------------------------------------------------------
! Throat                                                  !
-----------------------------------------------------------
 
  Inlet y-coordinate, yinlet (ft)    =     0.00000
  Station SD y-coordinate, ySD (ft)  =     0.77761
 
  External Centerbody Angle, thEXD1 (deg) =    21.83355
  Centerbody Break Angle,    dthCB1 (deg) =     0.00000
  Height at Station 1,       h1 (ft)      =     0.58064
  Aspect ratio at Station 1, w1 / h1      =    10.82106
 
  Coordinates on the centerbody
  Station     x (ft)      y (ft)   Theta (deg)
    cb1      0.21595     0.46834     21.834
    cbTH     0.82532     0.57371      0.000
    cbTX     1.71595     0.46834    -10.000
    cbSD     1.71595     0.46834    -10.000
 
  Coordinates on the cowl
  Station     x (ft)      y (ft)   Theta (deg)
    clip     0.00000     1.00734     10.000
    clin     0.00823     1.00676     10.000
    cwTH     0.82532     1.11623      0.000
    cwTX     1.82501     1.08688     -2.000
    cwSD     1.82501     1.08688     -2.000
 
  Coordinates at throat stations
  Station     x (ft)      y (ft)   Theta (deg)
    1        0.10797     0.73784     21.834
    TH       0.82532     0.84497      0.000
    TX       1.77048     0.77761    -10.000
    SD       1.77048     0.77761    -10.000
 
  Area Ratio, A_TH / A_1 =     1.07000
  Area Ratio, A_TX / A_1 =     1.14000
  Area Ratio, A_SD / A_1 =     1.14000
 
  Station  Area(ft2)    Mach    p/p_L    T/T_L   pt/pt_L
    EX      2.69186   1.3000   1.5702   1.1377   0.99959
    NS      2.69186   0.7860   2.8343   1.3549   0.97897
    1       2.69186   0.7860   2.8343   1.3549   0.97897
    TH      2.88029   0.6733   3.1386   1.3958   0.97700
    TX      3.06872   0.6001   3.3337   1.4200   0.97700
    SD      3.06872   0.6001   3.3337   1.4200   0.97700
 
  Mach number at TH for linear variation       =     0.73369
  Area ratio (A_TH/A_1) for linear Mach number =     1.02644
 
  Mach number at SD for linear variation       =     0.66483
  Area ratio (A_SD/A_1) for linear Mach number =     1.07468
 
  Total Pressure Ratio, pt_TH / pt_1    =     0.99799
  Total Pressure Ratio, pt_TX / pt_TH   =     1.00000
  Total Pressure Ratio, pt_SD / pt_TX   =     1.00000
 
  Total Pressure Ratio, pt_SD / pt_1    =     0.99799
 
  Inlet Contraction Ratio,   A_L / A_TH =     1.10679
 
-----------------------------------------------------------
! Subsonic Diffuser                                       !
-----------------------------------------------------------
 
  Inlet y-coordinate, yinlet (ft)    =     0.00000
  Station SD y-coordinate, ySD (ft)  =     0.77761
  Engine-face y-coordinate, yEF (ft) =     0.00000
 
  Coordinates at the Inflow Plane (Station SD)
  Location             x (ft)    y (ft)   Theta (deg)
  Centerbody (cbSD)    1.7159    0.4683     -10.000
  Mid-point  (  SD)    1.7705    0.7776     -10.000
  Cowl       (cwSD)    1.8250    1.0869      -2.000
 
  Inflow Area,      A_SD (ft2)              =     3.06872
  Engine-face Area, A_2  (ft2)              =     3.54909
  Engine-face Area, A_2B (ft2)              =     3.54909
 
  Area Ratio, A_SD / A_2                    =     0.86465
  Area Ratio, A_2  / A_SD                   =     1.15654
  Area Ratio, A_2  / A_2B                   =     1.00000
 
  Length of Diffuser, L_subd (ft)           =     2.22840
  Length / Diameter,  L_subd / D_EF         =     1.00000
  Engine-face offset, |y_SD-y_EF| / L_SD    =     0.00000
  Diffuser Angle,     Theta_SD (deg)        =     3.23278
 
  Angle of the engine face, thetEF (deg)    =     0.00000
 
  Coordinates at the Engine Face
  Location              x (ft)    y (ft)
  Center point ( EF)    3.9989    0.0000
  Top          (TEF)    3.9989    1.1142
  Bottom       (BEF)    3.9989   -1.1142
 
  End of the Centerbody on the Hub
    xCBX  (ft)  =     2.66184
    yCBX  (ft)  =     0.33426
    thCBX (deg) =    -5.00000
 
  Mach number at inflow (SD),  machSD       =     0.60007
  Engine-Face Mach Number,     mach2        =     0.50248
 
  Total Pressure Ratio,        pt_2 / pt_SD =     0.97163
  Static Pressure Ratio,       ps_2 / ps_SD =     1.04310
  Static Temperature Ratio,    Ts_2 / Ts_SD =     1.02048
 
  Total Pressure Ratio,        pt_2 / pt_2B =     1.00000
  Engine-Face Mach Number,     mach2B       =     0.50248
 
  Total Pressure Recovery,     pt_2 / pt_L  =     0.94928
 
  Inlet Pressure Ratio,        ps_2 / ps_L  =     3.47741
  Inlet Temperature Ratio,     Ts_2 / Ts_L  =     1.44911
 
-----------------------------------------------------------
! Cowl Exterior                                           !
-----------------------------------------------------------
 
  Cowl exterior flag,            Kcex   =     1
  Cowl exterior radial,          Frcex  =    1.100
  Cowl lip exterior angle (deg), thclex =   12.500
 
  Cowl lip (ft),          (x,y)_clip =   0.00000  1.00734
  Cowl lip exterior (ft), (x,y)_clex =   0.00618  1.01043
  Cowl exterior end (ft), (x,y)_cext =   3.99888  1.22785
 
  Cowl frontal area (ft2), afcex =     1.54848
 
  Flow conditions just ahead of the cowl lip exterior
  Mach number,      =     1.61600
  Flow angle (deg), =     0.00000
 
-----------------------------------------------------------
! Inlet Drag                                              !
-----------------------------------------------------------
 
  Additive Drag,    cdadd                    =    0.00000
  Cowl Lip Suction, clsuct                   =    0.00000
  Spillage Drag,    cdspill = cdadd - clsuct =    0.00000
 
  Wave Drag,        cdwav                    =    0.14327
  Cowl Lip Drag,    cdlip                    =    0.00000
  Cowl Drag,        cdcowl = cdwav + cdlip   =    0.14327
 
  Bleed Drag,       cdbld                    =    0.00000
  Bypass Drag,      cdbyp                    =    0.00000
 
  Inlet Drag, cdrag = cdspill + cdcowl + cdbld + cdbyp 
 
  Inlet Drag Coefficient, cdrag              =    0.14327
 
  Inlet Drag, Drag (lbf)                     =  183.04411
 
-----------------------------------------------------------
! Inlet Design and Analysis Summary                       !
-----------------------------------------------------------
 
   Station     X(ft)     Area(ft2)     Area / Acap
      L      -1.1372       3.1879         1.0000
     EX       0.1080       2.6919         0.8444
     NS       0.1080       2.6919         0.8444
      1       0.1080       2.6919         0.8444
     TH       0.8253       2.8803         0.9035
     SD       1.7705       3.0687         0.9626
      2       3.9989       3.5491         1.1133
 
  Subsonic diffuser area ratio (A_2/A_TH) =  1.23220
  
  Engine Flow Rates (lbm/sec)
    Wc2 (corrected)                    =   131.3512
    Wa2 (actual)                       =    52.7350
  
  Engine Lapse Rate,        Flapeng    =     1.0000
  
  Capture Flow Rate, Wcap (lbm/sec)    =    52.7350
  Capture Flow Rate, Wcap (slug/sec)   =     1.6391
 
   Station   Flow(lbm/s)   W / Wcap
      L         52.7350     1.0000
     EX         52.7350     1.0000
     NS         52.7350     1.0000
      1         52.7350     1.0000
     TH         52.7350     1.0000
     SD         52.7350     1.0000
      2         52.7350     1.0000
 
  Flow Ratios:
    Spillage,       Wspill  / Wcap     =  0.00000
    Inlet,          W1      / Wcap     =  1.00000
    Bleed,          Wbleed  / Wcap     =  0.00000
    Bypass,         Wbypass / Wcap     =  0.00000
    Other,          Wother  / Wcap     =  0.00000
    Engine Face,    W2      / Wcap     =  1.00000
 
  Total pressure ratios over inlet segments:
    Approach Flow,                 0 to  L:   1.00000
    External Supersonic Diffuser,  L to EX:   0.99959
    Normal Shock,                 EX to NS:   0.97937
    Cowl Lip Entrance,            NS to  1:   1.00000
    Throat,                        1 to SD:   0.99799
    Subsonic Diffuser,            SD to  2:   0.97163
 
    Inlet Recovery,    pt_2 / pt_L   =    0.94928
    Total Recovery,    pt_2 / pt_0   =    0.94928
 
    Station   Mach     pt/ptL     p/pL     T/TL
       L     1.6160    1.0000    1.0000   1.0000
      EX     1.3000    0.9996    1.5702   1.1377
      NS     0.7860    0.9790    2.8343   1.3549
       1     0.7860    0.9790    2.8343   1.3549
      TH     0.6733    0.9770    3.1386   1.3958
      SD     0.6001    0.9770    3.3337   1.4200
       2     0.5025    0.9493    3.4774   1.4491
 
  Lengths of some inlet parts (ft): 
    Cowl exterior,                L_cex   =     3.9927
    External supersonic diffuser, L_exd   =     1.1372
    Throat,                       L_thrt  =     1.6625
    Subsonic diffuser,            L_sub   =     2.2284
    Overall length of the inlet,  L_inlet =     5.1360
 
  Frontal areas of the inlet (ft2):
    Cowl exterior and sidewall,   Ax_cex  =     1.5485
    External supersonic diffuser, Ax_exd  =     0.6891
    Cowl lip entrance plane,      Ax_1    =     2.4988
    Total frontal area,           Ax_tot  =     4.7363
 
  Lengths in feet and normalized by radEF and h_clip
  Ref Length (ft)    L_exd     L_thrt    L_sub    L_inlet
  (ft)    1.00000   1.13717   1.66251   2.22840   5.13605
  radEF   1.11420   1.02061   1.49211   2.00000   4.60963
  h_clip  2.01468   0.56444   0.82520   1.10608   2.54932
 
  Areas in square feet and normalized by A_2 and A_cap
  Ref Area (ft^2)      A_1      A_cap     Afcex      A_2    
  (ft^2)  1.00000   2.69186   3.18786   1.54848   3.54909
  A_cap   3.18786   0.84441   1.00000   0.48574   1.11331
  A_2     3.54909   0.75846   0.89822   0.43630   1.00000
 
  Flow rates in slug/s and normalized by W_2 and Wc_2
  Ref Flow  (slug/s)     W_1      W_cap      W_2            
  (slug/s)   1.00000   1.63906   1.63906   1.63906
  W_2        1.63906   1.00000   1.00000   1.00000
  Wc_2       4.08253   0.40148   0.40148   0.40148
 
  Total Pressure Recovery
  ptEX/ptL   pt1/ptEX   ptSD/pt1   pt2/ptSD   pt2/ptL
   0.99959    0.97937    0.99799    0.97163   0.94928
 
  Inlet Drag
  Afcex(ft2)   Afcex/A2   Afcex/Acap    Cdwave    CDdrag
    1.54848     0.43630     0.48574    0.14327   0.14327
 
-----------------------------------------------------------
! Surface Grids                                           !
-----------------------------------------------------------
 
  Surface    1  : External Supersonic Diffuser
  Surface    2  : Cowl Lip Interior and Throat Cowl
  Surface    3  : Throat Centerbody
  Surface    4  : Subsonic Diffuser Centerbody
  Surface    5  : Subsonic Diffuser Cowl Surface 2
  Surface    6  : Cowl Lip Exterior and Cowl Exterior
  Surface    7  : Cap Surface #4 at End of Cowl
  Surface    8  : Cap Surface #5 at End of Centerbody
   
  srf   Klabel   srfips   srfni   srfnj   srfnk    srfpts
   1      4           1      73       1      67      4891
   2      2        4892     109       1      67      7303
   3      4       12195      85       1      67      5695
   4      4       17890      51       1      67      3417
   5      2       21307      51       1      67      3417
   6      1       24724     101       1      67      6767
   7      1       31491       1       3      67       201
   8      3       31692       1       3      67       201
   
  Total number of surface grid points =        31892
 
  Surface areas of the parts of the inlet:
  Asnose (ft2)   =    0.000000000
  Asexd  (ft2)   =    1.940640211
  Asclin (ft2)   =    0.054211628
  Asclex (ft2)   =    0.045632355
  Aswin  (ft2)   =    0.000000000
  Aswex  (ft2)   =    0.000000000
  Asbex  (ft2)   =    0.000000000
  Ascex  (ft2)   =   30.211174011
  Asthcb (ft2)   =    5.124857903
  Asthcw (ft2)   =   12.506952286
  Asthss (ft2)   =    0.000000000
  Assd1  (ft2)   =    5.160510063
  Assd2  (ft2)   =   14.983706474
  Assd3  (ft2)   =    0.000000000
  Assd4  (ft2)   =    0.000000000
  Asstrut(ft2)   =    0.000000000
 
  Total surface area of the inlet:
  Asinlet (ft2)   =   70.027687073
  Asinlet / A2    =   19.731142044
  Asinlet / Acap  =   21.966957092
 
-----------------------------------------------------------
!                    End of SUPIN                         !
===========================================================
 
