 EGADS Info: 76 unattached Objects (414 References) removed!
 EGADS Info: 0 Objects, 0 Reference in Use (of 1190) at Close!
 SUPIN started
  Iterations for Inlet Sizing Operations
   Iteration    pt_2 / pt_L      Mach_2      A_cap(ft2)
        1         0.943480      0.506845      3.187865
        2         0.948609      0.502983      3.187865
        3         0.949109      0.502611      3.187865
        4         0.949284      0.502480      3.187865
        5         0.949284      0.502480      3.187865
 Calculating the inlet drag...
 Writing out a summary on the inlet...
 machL  machTH   mach2   pt2ptL     wa2     CDdrag    Wc2
 1.616 0.67325 0.50248  0.949284   52.735  0.14327  131.351
 Writing a new input file to SUPIN.new.in...
 Creating the surface grids...
   Cowl lip...
   Throat...
   Subsonic diffuser...
 Writing out the surface grids to files...
 EGADS output for Ktyp:            3
  Number of Struts:                0
  Number of Surfaces:              8
           1 :          73           1          67
           2 :         109           1          67
           3 :          85           1          67
           4 :          51           1          67
           5 :          51           1          67
           6 :         101           1          67
           7 :           1           3          67
           8 :           1           3          67
           7 :     linear =           1           0           1           0
           8 :     linear =           1           0           1          -1
 SUPIN successfully completed.
